c:\users\root\documents\githubcode\gameproject\sfml project1\debug\vc140.pdb
c:\users\root\documents\githubcode\gameproject\sfml project1\debug\vc140.idb
c:\users\root\documents\githubcode\gameproject\sfml project1\debug\dorrs.obj
c:\users\root\documents\githubcode\gameproject\sfml project1\debug\enemy.obj
c:\users\root\documents\githubcode\gameproject\sfml project1\debug\entity.obj
c:\users\root\documents\githubcode\gameproject\sfml project1\debug\flashbang.obj
c:\users\root\documents\githubcode\gameproject\sfml project1\debug\game.obj
c:\users\root\documents\githubcode\gameproject\sfml project1\debug\gamelogi.obj
c:\users\root\documents\githubcode\gameproject\sfml project1\debug\glas.obj
c:\users\root\documents\githubcode\gameproject\sfml project1\debug\hostage.obj
c:\users\root\documents\githubcode\gameproject\sfml project1\debug\node.obj
c:\users\root\documents\githubcode\gameproject\sfml project1\debug\particle.obj
c:\users\root\documents\githubcode\gameproject\sfml project1\debug\player.obj
c:\users\root\documents\githubcode\gameproject\sfml project1\debug\projectile.obj
c:\users\root\documents\githubcode\gameproject\sfml project1\debug\wall.obj
c:\users\root\documents\githubcode\gameproject\debug\sfml project1.ilk
c:\users\root\documents\githubcode\gameproject\debug\sfml project1.exe
c:\users\root\documents\githubcode\gameproject\debug\sfml project1.pdb
c:\users\root\documents\githubcode\gameproject\sfml project1\debug\sfml project1.tlog\cl.command.1.tlog
c:\users\root\documents\githubcode\gameproject\sfml project1\debug\sfml project1.tlog\cl.read.1.tlog
c:\users\root\documents\githubcode\gameproject\sfml project1\debug\sfml project1.tlog\cl.write.1.tlog
c:\users\root\documents\githubcode\gameproject\sfml project1\debug\sfml project1.tlog\link.command.1.tlog
c:\users\root\documents\githubcode\gameproject\sfml project1\debug\sfml project1.tlog\link.read.1.tlog
c:\users\root\documents\githubcode\gameproject\sfml project1\debug\sfml project1.tlog\link.write.1.tlog
