Build started 2016-12-15 19:34:15.
     1>Project "C:\Users\Root\Documents\GitHubCode\GameProject\Sfml Project1\Sfml Project1.vcxproj" on node 2 (Rebuild target(s)).
     1>ClCompile:
         E:\Programm\Visual Studio\VC\bin\CL.exe /c /ZI /nologo /W3 /WX- /sdl /Od /Oy- /D CODE_ANALYSIS /D _MBCS /Gm /EHsc /RTC1 /MDd /GS /fp:precise /Zc:wchar_t /Zc:forScope /Zc:inline /Fo"Debug\\" /Fd"Debug\vc140.pdb" /Gd /TP /analyze /analyze:plugin"E:\Programm\Visual Studio\VC\\bin\localespc.dll" /errorReport:prompt   /analyze:quiet dorrs.cpp enemy.cpp entity.cpp flashBang.cpp game.cpp GameLogi.cpp glas.cpp node.cpp particle.cpp player.cpp projectile.cpp wall.cpp
         wall.cpp
         projectile.cpp
     1>c:\users\root\documents\githubcode\gameproject\sfml project1\projectile.cpp(28): warning C4244: 'initializing': conversion from 'double' to 'float', possible loss of data
     1>c:\users\root\documents\githubcode\gameproject\sfml project1\projectile.cpp(29): warning C4244: 'initializing': conversion from 'double' to 'float', possible loss of data
         player.cpp
     1>c:\users\root\documents\githubcode\gameproject\sfml project1\player.cpp(26): warning C4244: 'argument': conversion from 'int' to 'float', possible loss of data
     1>c:\users\root\documents\githubcode\gameproject\sfml project1\player.cpp(63): warning C4244: 'argument': conversion from 'int' to 'float', possible loss of data
     1>c:\users\root\documents\githubcode\gameproject\sfml project1\player.cpp(68): warning C4244: 'argument': conversion from 'int' to 'float', possible loss of data
     1>c:\users\root\documents\githubcode\gameproject\sfml project1\player.cpp(73): warning C4244: 'argument': conversion from 'int' to 'float', possible loss of data
     1>c:\users\root\documents\githubcode\gameproject\sfml project1\player.cpp(78): warning C4244: 'argument': conversion from 'int' to 'float', possible loss of data
     1>c:\users\root\documents\githubcode\gameproject\sfml project1\player.cpp(104): warning C4244: 'argument': conversion from 'int' to 'float', possible loss of data
     1>c:\users\root\documents\githubcode\gameproject\sfml project1\player.cpp(110): warning C4018: '<': signed/unsigned mismatch
     1>c:\users\root\documents\githubcode\gameproject\sfml project1\player.cpp(148): warning C4018: '<': signed/unsigned mismatch
     1>c:\users\root\documents\githubcode\gameproject\sfml project1\player.cpp(198): warning C4244: '=': conversion from 'double' to 'float', possible loss of data
         particle.cpp
         node.cpp
         glas.cpp
     1>c:\users\root\documents\githubcode\gameproject\sfml project1\glas.cpp(46): warning C4244: 'argument': conversion from 'double' to 'float', possible loss of data
         GameLogi.cpp
     1>c:\users\root\documents\githubcode\gameproject\sfml project1\gamelogi.cpp(42): warning C4018: '<': signed/unsigned mismatch
     1>c:\users\root\documents\githubcode\gameproject\sfml project1\gamelogi.cpp(52): warning C4305: 'argument': truncation from 'double' to 'float'
     1>c:\users\root\documents\githubcode\gameproject\sfml project1\gamelogi.cpp(87): warning C4018: '<': signed/unsigned mismatch
     1>c:\users\root\documents\githubcode\gameproject\sfml project1\gamelogi.cpp(103): warning C4305: 'argument': truncation from 'double' to 'float'
     1>c:\users\root\documents\githubcode\gameproject\sfml project1\gamelogi.cpp(113): warning C4018: '<': signed/unsigned mismatch
     1>c:\users\root\documents\githubcode\gameproject\sfml project1\gamelogi.cpp(134): warning C4018: '<': signed/unsigned mismatch
     1>c:\users\root\documents\githubcode\gameproject\sfml project1\gamelogi.cpp(165): warning C4018: '<': signed/unsigned mismatch
     1>c:\users\root\documents\githubcode\gameproject\sfml project1\gamelogi.cpp(172): warning C4018: '<': signed/unsigned mismatch
     1>c:\users\root\documents\githubcode\gameproject\sfml project1\gamelogi.cpp(180): warning C4018: '<': signed/unsigned mismatch
     1>c:\users\root\documents\githubcode\gameproject\sfml project1\gamelogi.cpp(219): warning C4018: '<': signed/unsigned mismatch
     1>c:\users\root\documents\githubcode\gameproject\sfml project1\gamelogi.cpp(250): warning C4018: '<': signed/unsigned mismatch
     1>c:\users\root\documents\githubcode\gameproject\sfml project1\gamelogi.cpp(220): warning C4390: ';': empty controlled statement found; is this the intent?
     1>c:\users\root\documents\githubcode\gameproject\sfml project1\gamelogi.cpp(288): warning C4018: '<': signed/unsigned mismatch
     1>c:\users\root\documents\githubcode\gameproject\sfml project1\gamelogi.cpp(294): warning C4018: '<': signed/unsigned mismatch
     1>c:\users\root\documents\githubcode\gameproject\sfml project1\gamelogi.cpp(299): warning C4018: '<': signed/unsigned mismatch
     1>c:\users\root\documents\githubcode\gameproject\sfml project1\gamelogi.cpp(303): warning C4018: '<': signed/unsigned mismatch
         game.cpp
     1>c:\users\root\documents\githubcode\gameproject\sfml project1\game.cpp(68): warning C4305: 'argument': truncation from 'double' to 'float'
         flashBang.cpp
     1>c:\users\root\documents\githubcode\gameproject\sfml project1\flashbang.cpp(40): warning C4244: '=': conversion from 'double' to 'float', possible loss of data
     1>c:\users\root\documents\githubcode\gameproject\sfml project1\flashbang.cpp(41): warning C4244: '=': conversion from 'double' to 'float', possible loss of data
         entity.cpp
         enemy.cpp
     1>c:\users\root\documents\githubcode\gameproject\sfml project1\enemy.cpp(54): warning C4244: 'argument': conversion from 'double' to 'float', possible loss of data
     1>c:\users\root\documents\githubcode\gameproject\sfml project1\enemy.cpp(64): warning C4244: 'argument': conversion from 'double' to 'float', possible loss of data
     1>c:\users\root\documents\githubcode\gameproject\sfml project1\enemy.cpp(80): warning C4244: '=': conversion from 'double' to 'float', possible loss of data
     1>c:\users\root\documents\githubcode\gameproject\sfml project1\enemy.cpp(83): warning C4244: 'initializing': conversion from 'double' to 'float', possible loss of data
     1>c:\users\root\documents\githubcode\gameproject\sfml project1\enemy.cpp(84): warning C4244: 'initializing': conversion from 'double' to 'float', possible loss of data
     1>c:\users\root\documents\githubcode\gameproject\sfml project1\enemy.cpp(85): warning C4244: 'argument': conversion from 'double' to 'float', possible loss of data
     1>c:\users\root\documents\githubcode\gameproject\sfml project1\enemy.cpp(136): warning C4244: '=': conversion from 'double' to 'float', possible loss of data
         dorrs.cpp
         Running Code Analysis for C/C++...
         Generating Code...
       Link:
         E:\Programm\Visual Studio\VC\bin\link.exe /ERRORREPORT:PROMPT /OUT:"C:\Users\Root\Documents\GitHubCode\GameProject\Debug\Sfml Project1.exe" /INCREMENTAL /NOLOGO "sfml-graphics-d.lib" "sfml-window-d.lib" "sfml-system-d.lib" kernel32.lib user32.lib gdi32.lib winspool.lib comdlg32.lib advapi32.lib shell32.lib ole32.lib oleaut32.lib uuid.lib odbc32.lib odbccp32.lib /MANIFEST /MANIFESTUAC:"level='asInvoker' uiAccess='false'" /manifest:embed /Debug /PDB:"C:\Users\Root\Documents\GitHubCode\GameProject\Debug\Sfml Project1.pdb" /TLBID:1 /DYNAMICBASE /NXCOMPAT /IMPLIB:"C:\Users\Root\Documents\GitHubCode\GameProject\Debug\Sfml Project1.lib" /MACHINE:X86 Debug\dorrs.obj
         Debug\enemy.obj
         Debug\entity.obj
         Debug\flashBang.obj
         Debug\game.obj
         Debug\GameLogi.obj
         Debug\glas.obj
         Debug\node.obj
         Debug\particle.obj
         Debug\player.obj
         Debug\projectile.obj
         Debug\wall.obj
         Sfml Project1.vcxproj -> C:\Users\Root\Documents\GitHubCode\GameProject\Debug\Sfml Project1.exe
     1>Done Building Project "C:\Users\Root\Documents\GitHubCode\GameProject\Sfml Project1\Sfml Project1.vcxproj" (Rebuild target(s)).

Build succeeded.

Time Elapsed 00:01:34.92
